c:\users\rogerdtz\source\repos\escapefighting\escapefighting\debug\vc141.pdb
c:\users\rogerdtz\source\repos\escapefighting\escapefighting\debug\vc141.idb
c:\users\rogerdtz\source\repos\escapefighting\escapefighting\debug\sprite.obj
c:\users\rogerdtz\source\repos\escapefighting\escapefighting\debug\main.obj
c:\users\rogerdtz\source\repos\escapefighting\escapefighting\debug\gm.obj
c:\users\rogerdtz\source\repos\escapefighting\escapefighting\debug\game.obj
c:\users\rogerdtz\source\repos\escapefighting\debug\escapefighting.exe
c:\users\rogerdtz\source\repos\escapefighting\debug\escapefighting.ilk
c:\users\rogerdtz\source\repos\escapefighting\debug\escapefighting.pdb
c:\users\rogerdtz\source\repos\escapefighting\escapefighting\debug\escapefighting.tlog\cl.command.1.tlog
c:\users\rogerdtz\source\repos\escapefighting\escapefighting\debug\escapefighting.tlog\cl.read.1.tlog
c:\users\rogerdtz\source\repos\escapefighting\escapefighting\debug\escapefighting.tlog\cl.write.1.tlog
c:\users\rogerdtz\source\repos\escapefighting\escapefighting\debug\escapefighting.tlog\link-cvtres.read.1.tlog
c:\users\rogerdtz\source\repos\escapefighting\escapefighting\debug\escapefighting.tlog\link-cvtres.write.1.tlog
c:\users\rogerdtz\source\repos\escapefighting\escapefighting\debug\escapefighting.tlog\link-rc.read.1.tlog
c:\users\rogerdtz\source\repos\escapefighting\escapefighting\debug\escapefighting.tlog\link-rc.write.1.tlog
c:\users\rogerdtz\source\repos\escapefighting\escapefighting\debug\escapefighting.tlog\link.544-cvtres.read.1.tlog
c:\users\rogerdtz\source\repos\escapefighting\escapefighting\debug\escapefighting.tlog\link.544-cvtres.write.1.tlog
c:\users\rogerdtz\source\repos\escapefighting\escapefighting\debug\escapefighting.tlog\link.544-rc.read.1.tlog
c:\users\rogerdtz\source\repos\escapefighting\escapefighting\debug\escapefighting.tlog\link.544-rc.write.1.tlog
c:\users\rogerdtz\source\repos\escapefighting\escapefighting\debug\escapefighting.tlog\link.544.read.1.tlog
c:\users\rogerdtz\source\repos\escapefighting\escapefighting\debug\escapefighting.tlog\link.544.write.1.tlog
c:\users\rogerdtz\source\repos\escapefighting\escapefighting\debug\escapefighting.tlog\link.command.1.tlog
c:\users\rogerdtz\source\repos\escapefighting\escapefighting\debug\escapefighting.tlog\link.read.1.tlog
c:\users\rogerdtz\source\repos\escapefighting\escapefighting\debug\escapefighting.tlog\link.write.1.tlog
